================================================================================
This was the console output for the command:
    /iris/u/armaana/remy/src/sender-runner if=20x-2src/cca.19 sender= nsrc=2 link=1.4997099719612457 rtt=150.0 on=5000.0 off=5000.0 buf=inf time=1000.0
================================================================================

Setting num_senders to 2
Setting link packets per ms to 1.499710
Setting delay to 150.000000 ms
Setting mean_on_duration to 5000.000000 ms
Setting mean_off_duration to 5000.000000 ms
Prior assumptions:
link_packets_per_ms {
  low: 0.34
  high: 6.71
  incr: 1.59
}
rtt {
  low: 150
  high: 150
  incr: 0
}
num_senders {
  low: 2
  high: 2
  incr: 0
}
buffer_size {
  low: 4294967295
  high: 4294967295
  incr: 0
}
mean_off_duration {
  low: 5000
  high: 5000
  incr: 0
}
mean_on_duration {
  low: 5000
  high: 5000
  incr: 0
}
simulation_ticks: 100000
stochastic_loss_rate {
  low: 0
  high: 0
  incr: 0
}


Remy optimization settings:
window_increment {
  min_value: 0
  max_value: 256
  min_change: 1
  max_change: 32
  multiplier: 4
  default_value: 1
}
window_multiple {
  min_value: 0
  max_value: 1
  min_change: 0.01
  max_change: 0.5
  multiplier: 4
  default_value: 1
}
intersend {
  min_value: 0.25
  max_value: 3
  min_change: 0.05
  max_change: 1
  multiplier: 4
  default_value: 3
}


score = -0.525058
===
config: mean_on=5000.000000, mean_off=5000.000000, nsrc=2.000000, link_ppt=1.499710, delay=150.000000, buffer_size=4294967295.000000, stochastic_loss_rate = 0.000000

sender: [tp=0.890402, del=1.282425]
sender: [tp=0.890606, del=1.279935]
normalized_score = -1.049558
Rules: [{(lo=< sewma=0.000000 rewma=0.000000 rttr=0.000000 slowrewma=0.000000 >, hi=< sewma=0.299900 rewma=0.299900 rttr=1.000000 slowrewma=0.299928 >)} gen=0 usage=0.0012 => (win=93 + 0.660000 * win, intersend=0.549800)][{(lo=< sewma=0.000000 rewma=0.000000 rttr=0.000000 slowrewma=0.299928 >, hi=< sewma=0.299900 rewma=0.299900 rttr=1.000000 slowrewma=0.522137 >)} gen=0 usage=0.0000 => (win=61 + 0.950000 * win, intersend=0.299900)][{(lo=< sewma=0.000000 rewma=0.000000 rttr=1.000000 slowrewma=0.000000 >, hi=< sewma=0.299900 rewma=0.299900 rttr=1.189672 slowrewma=0.299928 >)} gen=0 usage=0.0005 => (win=69 + 0.350000 * win, intersend=0.499900)][{(lo=< sewma=0.000000 rewma=0.000000 rttr=1.000000 slowrewma=0.299928 >, hi=< sewma=0.299900 rewma=0.299900 rttr=1.189672 slowrewma=0.522137 >)} gen=0 usage=0.0000 => (win=50 + 0.900000 * win, intersend=0.349900)][{(lo=< sewma=0.000000 rewma=0.299900 rttr=0.000000 slowrewma=0.000000 >, hi=< sewma=0.299900 rewma=0.500987 rttr=1.000000 slowrewma=0.299928 >)} gen=0 usage=0.0000 => (win=61 + 0.950000 * win, intersend=0.299900)][{(lo=< sewma=0.000000 rewma=0.299900 rttr=0.000000 slowrewma=0.299928 >, hi=< sewma=0.299900 rewma=0.500987 rttr=1.000000 slowrewma=0.522137 >)} gen=0 usage=0.0000 => (win=61 + 0.950000 * win, intersend=0.299900)][{(lo=< sewma=0.000000 rewma=0.299900 rttr=1.000000 slowrewma=0.000000 >, hi=< sewma=0.299900 rewma=0.500987 rttr=1.189672 slowrewma=0.299928 >)} gen=0 usage=0.0003 => (win=11 + 0.730000 * win, intersend=2.099800)][{(lo=< sewma=0.000000 rewma=0.299900 rttr=1.000000 slowrewma=0.299928 >, hi=< sewma=0.299900 rewma=0.500987 rttr=1.189672 slowrewma=0.522137 >)} gen=0 usage=0.0000 => (win=42 + 0.830000 * win, intersend=1.999900)][{(lo=< sewma=0.299900 rewma=0.000000 rttr=0.000000 slowrewma=0.000000 >, hi=< sewma=0.471626 rewma=0.299900 rttr=1.000000 slowrewma=0.299928 >)} gen=0 usage=0.0000 => (win=61 + 0.950000 * win, intersend=0.299900)][{(lo=< sewma=0.299900 rewma=0.000000 rttr=0.000000 slowrewma=0.299928 >, hi=< sewma=0.471626 rewma=0.299900 rttr=1.000000 slowrewma=0.522137 >)} gen=0 usage=0.0000 => (win=61 + 0.950000 * win, intersend=0.299900)][{(lo=< sewma=0.299900 rewma=0.000000 rttr=1.000000 slowrewma=0.000000 >, hi=< sewma=0.471626 rewma=0.299900 rttr=1.189672 slowrewma=0.299928 >)} gen=0 usage=0.0000 => (win=57 + 0.710000 * win, intersend=1.299900)][{(lo=< sewma=0.299900 rewma=0.000000 rttr=1.000000 slowrewma=0.299928 >, hi=< sewma=0.471626 rewma=0.299900 rttr=1.189672 slowrewma=0.522137 >)} gen=0 usage=0.0000 => (win=36 + 0.830000 * win, intersend=1.949800)][{(lo=< sewma=0.299900 rewma=0.299900 rttr=0.000000 slowrewma=0.000000 >, hi=< sewma=0.471626 rewma=0.500987 rttr=1.000000 slowrewma=0.299928 >)} gen=0 usage=0.0000 => (win=61 + 0.950000 * win, intersend=0.299900)][{(lo=< sewma=0.299900 rewma=0.299900 rttr=0.000000 slowrewma=0.299928 >, hi=< sewma=0.471626 rewma=0.500987 rttr=1.000000 slowrewma=0.522137 >)} gen=0 usage=0.0000 => (win=61 + 0.950000 * win, intersend=0.299900)][{(lo=< sewma=0.299900 rewma=0.299900 rttr=1.000000 slowrewma=0.000000 >, hi=< sewma=0.471626 rewma=0.500987 rttr=1.189672 slowrewma=0.299928 >)} gen=0 usage=0.0005 => (win=69 + 0.810000 * win, intersend=0.399800)][{(lo=< sewma=0.299900 rewma=0.299900 rttr=1.000000 slowrewma=0.299928 >, hi=< sewma=0.300011 rewma=0.308357 rttr=1.000000 slowrewma=0.337675 >)} gen=0 usage=0.0000 => (win=79 + 0.860000 * win, intersend=0.349900)][{(lo=< sewma=0.299900 rewma=0.299900 rttr=1.000000 slowrewma=0.337675 >, hi=< sewma=0.300011 rewma=0.308357 rttr=1.000000 slowrewma=0.522137 >)} gen=0 usage=0.0000 => (win=50 + 0.930000 * win, intersend=0.449900)][{(lo=< sewma=0.299900 rewma=0.299900 rttr=1.000000 slowrewma=0.299928 >, hi=< sewma=0.300011 rewma=0.308357 rttr=1.189672 slowrewma=0.337675 >)} gen=0 usage=0.0000 => (win=21 + 0.930000 * win, intersend=0.849900)][{(lo=< sewma=0.299900 rewma=0.299900 rttr=1.000000 slowrewma=0.337675 >, hi=< sewma=0.300011 rewma=0.308357 rttr=1.189672 slowrewma=0.522137 >)} gen=0 usage=0.0000 => (win=57 + 0.990000 * win, intersend=1.349900)][{(lo=< sewma=0.299900 rewma=0.308357 rttr=1.000000 slowrewma=0.299928 >, hi=< sewma=0.300011 rewma=0.500987 rttr=1.000000 slowrewma=0.337675 >)} gen=0 usage=0.0000 => (win=38 + 0.960000 * win, intersend=0.299900)][{(lo=< sewma=0.299900 rewma=0.308357 rttr=1.000000 slowrewma=0.337675 >, hi=< sewma=0.300011 rewma=0.500987 rttr=1.000000 slowrewma=0.522137 >)} gen=0 usage=0.0000 => (win=38 + 0.960000 * win, intersend=0.299900)][{(lo=< sewma=0.299900 rewma=0.308357 rttr=1.000000 slowrewma=0.299928 >, hi=< sewma=0.300011 rewma=0.500987 rttr=1.189672 slowrewma=0.337675 >)} gen=0 usage=0.0000 => (win=6 + 0.930000 * win, intersend=0.499900)][{(lo=< sewma=0.299900 rewma=0.308357 rttr=1.000000 slowrewma=0.337675 >, hi=< sewma=0.300011 rewma=0.500987 rttr=1.189672 slowrewma=0.522137 >)} gen=0 usage=0.0000 => (win=4 + 0.800000 * win, intersend=1.299900)][{(lo=< sewma=0.300011 rewma=0.299900 rttr=1.000000 slowrewma=0.299928 >, hi=< sewma=0.471626 rewma=0.308357 rttr=1.000000 slowrewma=0.337675 >)} gen=0 usage=0.0000 => (win=30 + 0.910000 * win, intersend=0.549900)][{(lo=< sewma=0.300011 rewma=0.299900 rttr=1.000000 slowrewma=0.337675 >, hi=< sewma=0.471626 rewma=0.308357 rttr=1.000000 slowrewma=0.522137 >)} gen=0 usage=0.0000 => (win=52 + 0.960000 * win, intersend=0.299900)][{(lo=< sewma=0.300011 rewma=0.299900 rttr=1.000000 slowrewma=0.299928 >, hi=< sewma=0.471626 rewma=0.308357 rttr=1.189672 slowrewma=0.337675 >)} gen=0 usage=0.0000 => (win=40 + 1.000000 * win, intersend=0.349900)][{(lo=< sewma=0.300011 rewma=0.299900 rttr=1.000000 slowrewma=0.337675 >, hi=< sewma=0.471626 rewma=0.308357 rttr=1.189672 slowrewma=0.522137 >)} gen=0 usage=0.0000 => (win=18 + 0.930000 * win, intersend=0.949900)][{(lo=< sewma=0.300011 rewma=0.308357 rttr=1.000000 slowrewma=0.299928 >, hi=< sewma=0.347465 rewma=0.347408 rttr=1.000000 slowrewma=0.317052 >)} gen=0 usage=0.0000 => (win=54 + 0.940000 * win, intersend=0.299900)][{(lo=< sewma=0.300011 rewma=0.308357 rttr=1.000000 slowrewma=0.317052 >, hi=< sewma=0.347465 rewma=0.347408 rttr=1.000000 slowrewma=0.337675 >)} gen=0 usage=0.0000 => (win=54 + 0.940000 * win, intersend=0.299900)][{(lo=< sewma=0.300011 rewma=0.308357 rttr=1.000000 slowrewma=0.299928 >, hi=< sewma=0.347465 rewma=0.347408 rttr=1.000000 slowrewma=0.317052 >)} gen=0 usage=0.0000 => (win=70 + 0.930000 * win, intersend=0.499900)][{(lo=< sewma=0.300011 rewma=0.308357 rttr=1.000000 slowrewma=0.317052 >, hi=< sewma=0.347465 rewma=0.347408 rttr=1.000000 slowrewma=0.337675 >)} gen=0 usage=0.0000 => (win=50 + 0.970000 * win, intersend=0.949900)][{(lo=< sewma=0.300011 rewma=0.347408 rttr=1.000000 slowrewma=0.299928 >, hi=< sewma=0.347465 rewma=0.500987 rttr=1.000000 slowrewma=0.317052 >)} gen=0 usage=0.0000 => (win=54 + 0.940000 * win, intersend=0.299900)][{(lo=< sewma=0.300011 rewma=0.347408 rttr=1.000000 slowrewma=0.317052 >, hi=< sewma=0.347465 rewma=0.500987 rttr=1.000000 slowrewma=0.337675 >)} gen=0 usage=0.0000 => (win=54 + 0.940000 * win, intersend=0.299900)][{(lo=< sewma=0.300011 rewma=0.347408 rttr=1.000000 slowrewma=0.299928 >, hi=< sewma=0.347465 rewma=0.500987 rttr=1.000000 slowrewma=0.317052 >)} gen=0 usage=0.0000 => (win=54 + 0.940000 * win, intersend=0.299900)][{(lo=< sewma=0.300011 rewma=0.347408 rttr=1.000000 slowrewma=0.317052 >, hi=< sewma=0.347465 rewma=0.500987 rttr=1.000000 slowrewma=0.337675 >)} gen=0 usage=0.0000 => (win=54 + 0.940000 * win, intersend=0.299900)][{(lo=< sewma=0.347465 rewma=0.308357 rttr=1.000000 slowrewma=0.299928 >, hi=< sewma=0.471626 rewma=0.347408 rttr=1.000000 slowrewma=0.317052 >)} gen=0 usage=0.0000 => (win=54 + 0.940000 * win, intersend=0.299900)][{(lo=< sewma=0.347465 rewma=0.308357 rttr=1.000000 slowrewma=0.317052 >, hi=< sewma=0.471626 rewma=0.347408 rttr=1.000000 slowrewma=0.337675 >)} gen=0 usage=0.0000 => (win=54 + 0.940000 * win, intersend=0.299900)][{(lo=< sewma=0.347465 rewma=0.308357 rttr=1.000000 slowrewma=0.299928 >, hi=< sewma=0.471626 rewma=0.347408 rttr=1.000000 slowrewma=0.317052 >)} gen=0 usage=0.0000 => (win=50 + 0.940000 * win, intersend=0.699900)][{(lo=< sewma=0.347465 rewma=0.308357 rttr=1.000000 slowrewma=0.317052 >, hi=< sewma=0.471626 rewma=0.347408 rttr=1.000000 slowrewma=0.337675 >)} gen=0 usage=0.0000 => (win=54 + 0.940000 * win, intersend=0.299900)][{(lo=< sewma=0.347465 rewma=0.347408 rttr=1.000000 slowrewma=0.299928 >, hi=< sewma=0.471626 rewma=0.500987 rttr=1.000000 slowrewma=0.317052 >)} gen=0 usage=0.0000 => (win=54 + 0.940000 * win, intersend=0.299900)][{(lo=< sewma=0.347465 rewma=0.347408 rttr=1.000000 slowrewma=0.317052 >, hi=< sewma=0.471626 rewma=0.500987 rttr=1.000000 slowrewma=0.337675 >)} gen=0 usage=0.0000 => (win=54 + 0.940000 * win, intersend=0.299900)][{(lo=< sewma=0.347465 rewma=0.347408 rttr=1.000000 slowrewma=0.299928 >, hi=< sewma=0.471626 rewma=0.500987 rttr=1.000000 slowrewma=0.317052 >)} gen=0 usage=0.0000 => (win=58 + 0.980000 * win, intersend=0.299900)][{(lo=< sewma=0.347465 rewma=0.347408 rttr=1.000000 slowrewma=0.317052 >, hi=< sewma=0.471626 rewma=0.500987 rttr=1.000000 slowrewma=0.337675 >)} gen=0 usage=0.0000 => (win=41 + 0.820000 * win, intersend=0.499900)][{(lo=< sewma=0.300011 rewma=0.308357 rttr=1.000000 slowrewma=0.337675 >, hi=< sewma=0.351574 rewma=0.351069 rttr=1.000000 slowrewma=0.351768 >)} gen=0 usage=0.0000 => (win=45 + 0.980000 * win, intersend=0.349900)][{(lo=< sewma=0.300011 rewma=0.308357 rttr=1.000000 slowrewma=0.351768 >, hi=< sewma=0.351574 rewma=0.351069 rttr=1.000000 slowrewma=0.522137 >)} gen=0 usage=0.0000 => (win=45 + 0.980000 * win, intersend=0.349900)][{(lo=< sewma=0.300011 rewma=0.308357 rttr=1.000000 slowrewma=0.337675 >, hi=< sewma=0.351574 rewma=0.351069 rttr=1.000000 slowrewma=0.351768 >)} gen=0 usage=0.0000 => (win=45 + 0.980000 * win, intersend=0.349900)][{(lo=< sewma=0.300011 rewma=0.308357 rttr=1.000000 slowrewma=0.351768 >, hi=< sewma=0.351574 rewma=0.351069 rttr=1.000000 slowrewma=0.522137 >)} gen=0 usage=0.0000 => (win=45 + 0.980000 * win, intersend=0.349900)][{(lo=< sewma=0.300011 rewma=0.351069 rttr=1.000000 slowrewma=0.337675 >, hi=< sewma=0.351574 rewma=0.500987 rttr=1.000000 slowrewma=0.351768 >)} gen=0 usage=0.0000 => (win=45 + 0.980000 * win, intersend=0.349900)][{(lo=< sewma=0.300011 rewma=0.351069 rttr=1.000000 slowrewma=0.351768 >, hi=< sewma=0.351574 rewma=0.500987 rttr=1.000000 slowrewma=0.522137 >)} gen=0 usage=0.0000 => (win=45 + 0.980000 * win, intersend=0.349900)][{(lo=< sewma=0.300011 rewma=0.351069 rttr=1.000000 slowrewma=0.337675 >, hi=< sewma=0.351574 rewma=0.500987 rttr=1.000000 slowrewma=0.351768 >)} gen=0 usage=0.0000 => (win=45 + 0.980000 * win, intersend=0.349900)][{(lo=< sewma=0.300011 rewma=0.351069 rttr=1.000000 slowrewma=0.351768 >, hi=< sewma=0.351574 rewma=0.500987 rttr=1.000000 slowrewma=0.522137 >)} gen=0 usage=0.0000 => (win=45 + 0.980000 * win, intersend=0.349900)][{(lo=< sewma=0.351574 rewma=0.308357 rttr=1.000000 slowrewma=0.337675 >, hi=< sewma=0.471626 rewma=0.351069 rttr=1.000000 slowrewma=0.351768 >)} gen=0 usage=0.0000 => (win=45 + 0.980000 * win, intersend=0.349900)][{(lo=< sewma=0.351574 rewma=0.308357 rttr=1.000000 slowrewma=0.351768 >, hi=< sewma=0.471626 rewma=0.351069 rttr=1.000000 slowrewma=0.522137 >)} gen=0 usage=0.0000 => (win=45 + 0.980000 * win, intersend=0.349900)][{(lo=< sewma=0.351574 rewma=0.308357 rttr=1.000000 slowrewma=0.337675 >, hi=< sewma=0.471626 rewma=0.351069 rttr=1.000000 slowrewma=0.351768 >)} gen=0 usage=0.0000 => (win=45 + 0.980000 * win, intersend=0.349900)][{(lo=< sewma=0.351574 rewma=0.308357 rttr=1.000000 slowrewma=0.351768 >, hi=< sewma=0.471626 rewma=0.351069 rttr=1.000000 slowrewma=0.522137 >)} gen=0 usage=0.0000 => (win=45 + 0.980000 * win, intersend=0.349900)][{(lo=< sewma=0.351574 rewma=0.351069 rttr=1.000000 slowrewma=0.337675 >, hi=< sewma=0.471626 rewma=0.500987 rttr=1.000000 slowrewma=0.351768 >)} gen=0 usage=0.0000 => (win=45 + 0.980000 * win, intersend=0.349900)][{(lo=< sewma=0.351574 rewma=0.351069 rttr=1.000000 slowrewma=0.351768 >, hi=< sewma=0.471626 rewma=0.500987 rttr=1.000000 slowrewma=0.522137 >)} gen=0 usage=0.0000 => (win=45 + 0.980000 * win, intersend=0.349900)][{(lo=< sewma=0.351574 rewma=0.351069 rttr=1.000000 slowrewma=0.337675 >, hi=< sewma=0.471626 rewma=0.500987 rttr=1.000000 slowrewma=0.351768 >)} gen=0 usage=0.0000 => (win=45 + 0.980000 * win, intersend=0.349900)][{(lo=< sewma=0.351574 rewma=0.351069 rttr=1.000000 slowrewma=0.351768 >, hi=< sewma=0.471626 rewma=0.500987 rttr=1.000000 slowrewma=0.522137 >)} gen=0 usage=0.0000 => (win=45 + 0.980000 * win, intersend=0.349900)][{(lo=< sewma=0.300011 rewma=0.308357 rttr=1.000000 slowrewma=0.299928 >, hi=< sewma=0.471626 rewma=0.500987 rttr=1.189672 slowrewma=0.337675 >)} gen=0 usage=0.0000 => (win=64 + 0.680000 * win, intersend=1.149900)][{(lo=< sewma=0.300011 rewma=0.308357 rttr=1.000000 slowrewma=0.337675 >, hi=< sewma=0.471626 rewma=0.500987 rttr=1.189672 slowrewma=0.522137 >)} gen=0 usage=0.0000 => (win=52 + 0.980000 * win, intersend=0.399900)][{(lo=< sewma=0.000000 rewma=0.000000 rttr=0.000000 slowrewma=0.522137 >, hi=< sewma=0.471626 rewma=0.500987 rttr=1.189672 slowrewma=163840.000000 >)} gen=0 usage=0.0000 => (win=56 + 0.860000 * win, intersend=0.349900)][{(lo=< sewma=0.000000 rewma=0.000000 rttr=1.189672 slowrewma=0.000000 >, hi=< sewma=0.471626 rewma=0.500987 rttr=163840.000000 slowrewma=0.522137 >)} gen=0 usage=0.0000 => (win=60 + 0.970000 * win, intersend=0.399800)][{(lo=< sewma=0.000000 rewma=0.000000 rttr=1.189672 slowrewma=0.522137 >, hi=< sewma=0.471626 rewma=0.500987 rttr=163840.000000 slowrewma=163840.000000 >)} gen=0 usage=0.0000 => (win=3 + 1.000000 * win, intersend=0.849900)][{(lo=< sewma=0.000000 rewma=0.500987 rttr=0.000000 slowrewma=0.000000 >, hi=< sewma=0.471626 rewma=163840.000000 rttr=1.189672 slowrewma=0.522137 >)} gen=0 usage=0.0014 => (win=43 + 0.630000 * win, intersend=2.399800)][{(lo=< sewma=0.000000 rewma=0.500987 rttr=0.000000 slowrewma=0.522137 >, hi=< sewma=0.471626 rewma=163840.000000 rttr=1.189672 slowrewma=163840.000000 >)} gen=0 usage=0.0073 => (win=55 + 0.770000 * win, intersend=2.299800)][{(lo=< sewma=0.000000 rewma=0.500987 rttr=1.189672 slowrewma=0.000000 >, hi=< sewma=0.471626 rewma=163840.000000 rttr=163840.000000 slowrewma=0.522137 >)} gen=0 usage=0.0002 => (win=72 + 0.490000 * win, intersend=1.849800)][{(lo=< sewma=0.000000 rewma=0.500987 rttr=1.189672 slowrewma=0.522137 >, hi=< sewma=0.471626 rewma=163840.000000 rttr=163840.000000 slowrewma=163840.000000 >)} gen=0 usage=0.0288 => (win=9 + 0.579900 * win, intersend=1.049800)][{(lo=< sewma=0.471626 rewma=0.000000 rttr=0.000000 slowrewma=0.000000 >, hi=< sewma=163840.000000 rewma=0.500987 rttr=1.189672 slowrewma=0.522137 >)} gen=0 usage=0.0000 => (win=68 + 0.900000 * win, intersend=0.599900)][{(lo=< sewma=0.471626 rewma=0.000000 rttr=0.000000 slowrewma=0.522137 >, hi=< sewma=163840.000000 rewma=0.500987 rttr=1.189672 slowrewma=163840.000000 >)} gen=0 usage=0.0000 => (win=51 + 0.820000 * win, intersend=1.549900)][{(lo=< sewma=0.471626 rewma=0.000000 rttr=1.189672 slowrewma=0.000000 >, hi=< sewma=163840.000000 rewma=0.500987 rttr=163840.000000 slowrewma=0.522137 >)} gen=0 usage=0.0000 => (win=85 + 0.760000 * win, intersend=2.099900)][{(lo=< sewma=0.471626 rewma=0.000000 rttr=1.189672 slowrewma=0.522137 >, hi=< sewma=163840.000000 rewma=0.500987 rttr=163840.000000 slowrewma=163840.000000 >)} gen=0 usage=0.0000 => (win=32 + 0.650000 * win, intersend=2.049800)][{(lo=< sewma=0.471626 rewma=0.500987 rttr=0.000000 slowrewma=0.000000 >, hi=< sewma=163840.000000 rewma=163840.000000 rttr=1.189672 slowrewma=0.522137 >)} gen=0 usage=0.0121 => (win=46 + 0.870000 * win, intersend=0.399900)][{(lo=< sewma=0.471626 rewma=0.500987 rttr=0.000000 slowrewma=0.522137 >, hi=< sewma=163840.000000 rewma=163840.000000 rttr=1.189672 slowrewma=163840.000000 >)} gen=0 usage=0.7249 => (win=58 + 0.780000 * win, intersend=0.549800)][{(lo=< sewma=0.471626 rewma=0.500987 rttr=1.189672 slowrewma=0.000000 >, hi=< sewma=163840.000000 rewma=163840.000000 rttr=163840.000000 slowrewma=0.522137 >)} gen=0 usage=0.0045 => (win=14 + 0.890000 * win, intersend=0.799800)][{(lo=< sewma=0.471626 rewma=0.500987 rttr=1.189672 slowrewma=0.522137 >, hi=< sewma=163840.000000 rewma=163840.000000 rttr=163840.000000 slowrewma=163840.000000 >)} gen=0 usage=0.2183 => (win=36 + 0.419900 * win, intersend=1.299900)]
