================================================================================
This was the console output for the command:
    /iris/u/armaana/remy-rl/src/sender-runner if=/iris/u/armaana/remy/1x-2src/cca.179 nsrc=2 link=0.15264179671752334 rtt=150.0 on=5000.0 off=5000.0 buf=inf time=1000.0 cf=configs/link-1x.cfg
================================================================================

Setting num_senders to 2
Setting link packets per ms to 0.152642
Setting delay to 150.000000 ms
Setting mean_on_duration to 5000.000000 ms
Setting mean_off_duration to 5000.000000 ms
Prior assumptions:
link_packets_per_ms {
  low: 1.5
  high: 1.5
  incr: 0
}
rtt {
  low: 150
  high: 150
  incr: 0
}
num_senders {
  low: 2
  high: 2
  incr: 0
}
buffer_size {
  low: 4294967295
  high: 4294967295
  incr: 0
}
mean_off_duration {
  low: 5000
  high: 5000
  incr: 0
}
mean_on_duration {
  low: 5000
  high: 5000
  incr: 0
}
simulation_ticks: 100000
stochastic_loss_rate {
  low: 0
  high: 0
  incr: 0
}


Remy optimization settings:
window_increment {
  min_value: 0
  max_value: 256
  min_change: 1
  max_change: 32
  multiplier: 4
  default_value: 1
}
window_multiple {
  min_value: 0
  max_value: 1
  min_change: 0.01
  max_change: 0.5
  multiplier: 4
  default_value: 1
}
intersend {
  min_value: 0.25
  max_value: 3
  min_change: 0.05
  max_change: 1
  multiplier: 4
  default_value: 3
}


score = -6.291588
===
config: mean_on=5000.000000, mean_off=5000.000000, nsrc=2.000000, link_ppt=0.152642, delay=150.000000, buffer_size=4294967295.000000, stochastic_loss_rate = 0.000000

sender: [tp=1.127524, del=8.586073]
sender: [tp=1.081723, del=9.026623]
normalized_score = -5.989696
Rules: [{(lo=< sewma=0.000000 rewma=0.000000 rttr=0.000000 slowrewma=0.000000 >, hi=< sewma=0.666688 rewma=0.666667 rttr=1.000000 slowrewma=0.670140 >)} gen=0 usage=0.0372 => (win=56 + 0.730000 * win, intersend=2.699900)][{(lo=< sewma=0.000000 rewma=0.000000 rttr=0.000000 slowrewma=0.670140 >, hi=< sewma=0.666688 rewma=0.666667 rttr=1.000000 slowrewma=0.757368 >)} gen=0 usage=0.0000 => (win=27 + 0.880000 * win, intersend=0.399900)][{(lo=< sewma=0.000000 rewma=0.000000 rttr=1.000000 slowrewma=0.000000 >, hi=< sewma=0.666688 rewma=0.666667 rttr=1.106657 slowrewma=0.670140 >)} gen=0 usage=0.0000 => (win=28 + 0.800000 * win, intersend=0.749800)][{(lo=< sewma=0.000000 rewma=0.000000 rttr=1.000000 slowrewma=0.670140 >, hi=< sewma=0.666688 rewma=0.666667 rttr=1.106657 slowrewma=0.757368 >)} gen=0 usage=0.0000 => (win=67 + 0.870000 * win, intersend=1.349800)][{(lo=< sewma=0.000000 rewma=0.666667 rttr=0.000000 slowrewma=0.000000 >, hi=< sewma=0.666688 rewma=0.855025 rttr=1.000000 slowrewma=0.670140 >)} gen=0 usage=0.0000 => (win=27 + 0.880000 * win, intersend=0.599900)][{(lo=< sewma=0.000000 rewma=0.666667 rttr=0.000000 slowrewma=0.670140 >, hi=< sewma=0.666688 rewma=0.855025 rttr=1.000000 slowrewma=0.757368 >)} gen=0 usage=0.0000 => (win=23 + 0.880000 * win, intersend=1.399900)][{(lo=< sewma=0.000000 rewma=0.666667 rttr=1.000000 slowrewma=0.000000 >, hi=< sewma=0.666688 rewma=0.855025 rttr=1.106657 slowrewma=0.670140 >)} gen=0 usage=0.0014 => (win=46 + 0.490000 * win, intersend=1.699900)][{(lo=< sewma=0.000000 rewma=0.666667 rttr=1.000000 slowrewma=0.670140 >, hi=< sewma=0.635662 rewma=0.666913 rttr=1.011489 slowrewma=0.685571 >)} gen=0 usage=0.0000 => (win=23 + 0.890000 * win, intersend=0.699900)][{(lo=< sewma=0.000000 rewma=0.666667 rttr=1.000000 slowrewma=0.685571 >, hi=< sewma=0.635662 rewma=0.666913 rttr=1.011489 slowrewma=0.757368 >)} gen=0 usage=0.0000 => (win=23 + 0.880000 * win, intersend=0.599900)][{(lo=< sewma=0.000000 rewma=0.666667 rttr=1.011489 slowrewma=0.670140 >, hi=< sewma=0.635662 rewma=0.666913 rttr=1.106657 slowrewma=0.685571 >)} gen=0 usage=0.0000 => (win=11 + 0.920000 * win, intersend=1.699900)][{(lo=< sewma=0.000000 rewma=0.666667 rttr=1.011489 slowrewma=0.685571 >, hi=< sewma=0.635662 rewma=0.666913 rttr=1.106657 slowrewma=0.757368 >)} gen=0 usage=0.0000 => (win=27 + 0.880000 * win, intersend=0.449900)][{(lo=< sewma=0.000000 rewma=0.666913 rttr=1.000000 slowrewma=0.670140 >, hi=< sewma=0.635662 rewma=0.855025 rttr=1.011489 slowrewma=0.685571 >)} gen=0 usage=0.0000 => (win=7 + 0.920000 * win, intersend=2.099900)][{(lo=< sewma=0.000000 rewma=0.666913 rttr=1.000000 slowrewma=0.685571 >, hi=< sewma=0.635662 rewma=0.855025 rttr=1.011489 slowrewma=0.757368 >)} gen=0 usage=0.0000 => (win=32 + 0.640000 * win, intersend=0.749900)][{(lo=< sewma=0.000000 rewma=0.666913 rttr=1.011489 slowrewma=0.670140 >, hi=< sewma=0.635662 rewma=0.855025 rttr=1.106657 slowrewma=0.685571 >)} gen=0 usage=0.0000 => (win=31 + 0.880000 * win, intersend=0.599900)][{(lo=< sewma=0.000000 rewma=0.666913 rttr=1.011489 slowrewma=0.685571 >, hi=< sewma=0.635662 rewma=0.855025 rttr=1.106657 slowrewma=0.757368 >)} gen=0 usage=0.0000 => (win=19 + 0.840000 * win, intersend=1.749800)][{(lo=< sewma=0.635662 rewma=0.666667 rttr=1.000000 slowrewma=0.670140 >, hi=< sewma=0.666688 rewma=0.666913 rttr=1.011489 slowrewma=0.685571 >)} gen=0 usage=0.0000 => (win=16 + 0.890000 * win, intersend=1.249900)][{(lo=< sewma=0.635662 rewma=0.666667 rttr=1.000000 slowrewma=0.685571 >, hi=< sewma=0.666688 rewma=0.666913 rttr=1.011489 slowrewma=0.757368 >)} gen=0 usage=0.0000 => (win=21 + 0.900000 * win, intersend=0.749900)][{(lo=< sewma=0.635662 rewma=0.666667 rttr=1.011489 slowrewma=0.670140 >, hi=< sewma=0.666688 rewma=0.666913 rttr=1.106657 slowrewma=0.685571 >)} gen=0 usage=0.0000 => (win=28 + 0.840000 * win, intersend=0.449900)][{(lo=< sewma=0.635662 rewma=0.666667 rttr=1.011489 slowrewma=0.685571 >, hi=< sewma=0.666688 rewma=0.666913 rttr=1.106657 slowrewma=0.757368 >)} gen=0 usage=0.0000 => (win=19 + 0.840000 * win, intersend=1.549900)][{(lo=< sewma=0.635662 rewma=0.666913 rttr=1.000000 slowrewma=0.670140 >, hi=< sewma=0.666688 rewma=0.855025 rttr=1.011489 slowrewma=0.685571 >)} gen=0 usage=0.0000 => (win=45 + 0.720000 * win, intersend=1.249900)][{(lo=< sewma=0.635662 rewma=0.666913 rttr=1.000000 slowrewma=0.685571 >, hi=< sewma=0.666688 rewma=0.855025 rttr=1.011489 slowrewma=0.757368 >)} gen=0 usage=0.0000 => (win=29 + 0.840000 * win, intersend=0.399900)][{(lo=< sewma=0.635662 rewma=0.666913 rttr=1.011489 slowrewma=0.670140 >, hi=< sewma=0.666688 rewma=0.855025 rttr=1.106657 slowrewma=0.685571 >)} gen=0 usage=0.0000 => (win=31 + 0.840000 * win, intersend=0.499900)][{(lo=< sewma=0.635662 rewma=0.666913 rttr=1.011489 slowrewma=0.685571 >, hi=< sewma=0.666688 rewma=0.855025 rttr=1.106657 slowrewma=0.757368 >)} gen=0 usage=0.0000 => (win=27 + 0.880000 * win, intersend=0.649900)][{(lo=< sewma=0.666688 rewma=0.000000 rttr=0.000000 slowrewma=0.000000 >, hi=< sewma=0.845509 rewma=0.666667 rttr=1.000000 slowrewma=0.670140 >)} gen=0 usage=0.0000 => (win=28 + 0.870000 * win, intersend=0.499900)][{(lo=< sewma=0.666688 rewma=0.000000 rttr=0.000000 slowrewma=0.670140 >, hi=< sewma=0.845509 rewma=0.666667 rttr=1.000000 slowrewma=0.757368 >)} gen=0 usage=0.0000 => (win=28 + 0.800000 * win, intersend=1.449900)][{(lo=< sewma=0.666688 rewma=0.000000 rttr=1.000000 slowrewma=0.000000 >, hi=< sewma=0.845509 rewma=0.666667 rttr=1.106657 slowrewma=0.670140 >)} gen=0 usage=0.0000 => (win=15 + 0.800000 * win, intersend=1.299800)][{(lo=< sewma=0.666688 rewma=0.000000 rttr=1.000000 slowrewma=0.670140 >, hi=< sewma=0.845509 rewma=0.666667 rttr=1.106657 slowrewma=0.757368 >)} gen=0 usage=0.0000 => (win=5 + 0.870000 * win, intersend=0.749900)][{(lo=< sewma=0.666688 rewma=0.666667 rttr=0.000000 slowrewma=0.000000 >, hi=< sewma=0.845509 rewma=0.855025 rttr=1.000000 slowrewma=0.670140 >)} gen=0 usage=0.0000 => (win=7 + 0.720000 * win, intersend=2.249800)][{(lo=< sewma=0.666688 rewma=0.666667 rttr=0.000000 slowrewma=0.670140 >, hi=< sewma=0.699900 rewma=0.699900 rttr=1.000000 slowrewma=0.699916 >)} gen=0 usage=0.0000 => (win=47 + 0.750000 * win, intersend=0.699900)][{(lo=< sewma=0.666688 rewma=0.666667 rttr=0.000000 slowrewma=0.699916 >, hi=< sewma=0.699900 rewma=0.699900 rttr=1.000000 slowrewma=0.757368 >)} gen=0 usage=0.0000 => (win=51 + 0.950000 * win, intersend=0.699900)][{(lo=< sewma=0.666688 rewma=0.666667 rttr=1.000000 slowrewma=0.670140 >, hi=< sewma=0.699900 rewma=0.699900 rttr=1.000000 slowrewma=0.699916 >)} gen=0 usage=0.0000 => (win=40 + 0.900000 * win, intersend=1.449900)][{(lo=< sewma=0.666688 rewma=0.666667 rttr=1.000000 slowrewma=0.699916 >, hi=< sewma=0.699900 rewma=0.699900 rttr=1.000000 slowrewma=0.757368 >)} gen=0 usage=0.0000 => (win=33 + 0.980000 * win, intersend=0.599900)][{(lo=< sewma=0.666688 rewma=0.699900 rttr=0.000000 slowrewma=0.670140 >, hi=< sewma=0.699900 rewma=0.855025 rttr=1.000000 slowrewma=0.699916 >)} gen=0 usage=0.0000 => (win=51 + 0.950000 * win, intersend=0.699900)][{(lo=< sewma=0.666688 rewma=0.699900 rttr=0.000000 slowrewma=0.699916 >, hi=< sewma=0.699900 rewma=0.855025 rttr=1.000000 slowrewma=0.757368 >)} gen=0 usage=0.0000 => (win=51 + 0.950000 * win, intersend=0.699900)][{(lo=< sewma=0.666688 rewma=0.699900 rttr=1.000000 slowrewma=0.670140 >, hi=< sewma=0.699900 rewma=0.855025 rttr=1.000000 slowrewma=0.699916 >)} gen=0 usage=0.0000 => (win=51 + 0.950000 * win, intersend=0.699900)][{(lo=< sewma=0.666688 rewma=0.699900 rttr=1.000000 slowrewma=0.699916 >, hi=< sewma=0.699900 rewma=0.855025 rttr=1.000000 slowrewma=0.757368 >)} gen=0 usage=0.0000 => (win=51 + 0.950000 * win, intersend=0.699900)][{(lo=< sewma=0.699900 rewma=0.666667 rttr=0.000000 slowrewma=0.670140 >, hi=< sewma=0.845509 rewma=0.699900 rttr=1.000000 slowrewma=0.699916 >)} gen=0 usage=0.0000 => (win=51 + 0.950000 * win, intersend=0.699900)][{(lo=< sewma=0.699900 rewma=0.666667 rttr=0.000000 slowrewma=0.699916 >, hi=< sewma=0.845509 rewma=0.699900 rttr=1.000000 slowrewma=0.757368 >)} gen=0 usage=0.0000 => (win=51 + 0.950000 * win, intersend=0.749900)][{(lo=< sewma=0.699900 rewma=0.666667 rttr=1.000000 slowrewma=0.670140 >, hi=< sewma=0.845509 rewma=0.699900 rttr=1.000000 slowrewma=0.699916 >)} gen=0 usage=0.0000 => (win=51 + 0.950000 * win, intersend=0.699900)][{(lo=< sewma=0.699900 rewma=0.666667 rttr=1.000000 slowrewma=0.699916 >, hi=< sewma=0.845509 rewma=0.699900 rttr=1.000000 slowrewma=0.757368 >)} gen=0 usage=0.0000 => (win=67 + 0.940000 * win, intersend=0.799900)][{(lo=< sewma=0.699900 rewma=0.699900 rttr=0.000000 slowrewma=0.670140 >, hi=< sewma=0.845509 rewma=0.855025 rttr=1.000000 slowrewma=0.699916 >)} gen=0 usage=0.0000 => (win=51 + 0.950000 * win, intersend=0.699900)][{(lo=< sewma=0.699900 rewma=0.699900 rttr=0.000000 slowrewma=0.699916 >, hi=< sewma=0.845509 rewma=0.855025 rttr=1.000000 slowrewma=0.757368 >)} gen=0 usage=0.0000 => (win=67 + 0.790000 * win, intersend=0.699900)][{(lo=< sewma=0.699900 rewma=0.699900 rttr=1.000000 slowrewma=0.670140 >, hi=< sewma=0.845509 rewma=0.855025 rttr=1.000000 slowrewma=0.699916 >)} gen=0 usage=0.0000 => (win=55 + 0.750000 * win, intersend=0.549900)][{(lo=< sewma=0.699900 rewma=0.699900 rttr=1.000000 slowrewma=0.699916 >, hi=< sewma=0.845509 rewma=0.855025 rttr=1.000000 slowrewma=0.757368 >)} gen=0 usage=0.0000 => (win=47 + 0.790000 * win, intersend=0.749900)][{(lo=< sewma=0.666688 rewma=0.666667 rttr=1.000000 slowrewma=0.000000 >, hi=< sewma=0.845509 rewma=0.855025 rttr=1.106657 slowrewma=0.670140 >)} gen=0 usage=0.0000 => (win=35 + 0.670000 * win, intersend=0.899800)][{(lo=< sewma=0.666688 rewma=0.666667 rttr=1.000000 slowrewma=0.670140 >, hi=< sewma=0.845509 rewma=0.855025 rttr=1.106657 slowrewma=0.757368 >)} gen=0 usage=0.0000 => (win=46 + 0.960000 * win, intersend=0.699900)][{(lo=< sewma=0.000000 rewma=0.000000 rttr=0.000000 slowrewma=0.757368 >, hi=< sewma=0.845509 rewma=0.855025 rttr=1.106657 slowrewma=163840.000000 >)} gen=0 usage=0.0000 => (win=53 + 0.900000 * win, intersend=0.699900)][{(lo=< sewma=0.000000 rewma=0.000000 rttr=1.106657 slowrewma=0.000000 >, hi=< sewma=0.845509 rewma=0.855025 rttr=163840.000000 slowrewma=0.757368 >)} gen=0 usage=0.0000 => (win=23 + 0.870000 * win, intersend=2.249900)][{(lo=< sewma=0.000000 rewma=0.000000 rttr=1.106657 slowrewma=0.757368 >, hi=< sewma=0.845509 rewma=0.855025 rttr=163840.000000 slowrewma=163840.000000 >)} gen=0 usage=0.0000 => (win=16 + 0.720000 * win, intersend=0.349900)][{(lo=< sewma=0.000000 rewma=0.855025 rttr=0.000000 slowrewma=0.000000 >, hi=< sewma=0.845509 rewma=163840.000000 rttr=1.106657 slowrewma=0.757368 >)} gen=0 usage=0.0019 => (win=113 + 0.460000 * win, intersend=0.499800)][{(lo=< sewma=0.000000 rewma=0.855025 rttr=0.000000 slowrewma=0.757368 >, hi=< sewma=0.845509 rewma=163840.000000 rttr=1.106657 slowrewma=163840.000000 >)} gen=0 usage=0.0000 => (win=21 + 0.960000 * win, intersend=1.499800)][{(lo=< sewma=0.000000 rewma=0.855025 rttr=1.106657 slowrewma=0.000000 >, hi=< sewma=0.845509 rewma=163840.000000 rttr=163840.000000 slowrewma=0.757368 >)} gen=0 usage=0.0000 => (win=14 + 0.519900 * win, intersend=1.999800)][{(lo=< sewma=0.000000 rewma=0.855025 rttr=1.106657 slowrewma=0.757368 >, hi=< sewma=0.845509 rewma=163840.000000 rttr=163840.000000 slowrewma=163840.000000 >)} gen=0 usage=0.0856 => (win=55 + 0.680000 * win, intersend=1.149900)][{(lo=< sewma=0.845509 rewma=0.000000 rttr=0.000000 slowrewma=0.000000 >, hi=< sewma=163840.000000 rewma=0.855025 rttr=1.106657 slowrewma=0.757368 >)} gen=0 usage=0.0000 => (win=33 + 0.770000 * win, intersend=1.049900)][{(lo=< sewma=0.845509 rewma=0.000000 rttr=0.000000 slowrewma=0.757368 >, hi=< sewma=163840.000000 rewma=0.855025 rttr=1.106657 slowrewma=163840.000000 >)} gen=0 usage=0.0000 => (win=1 + 0.420000 * win, intersend=0.999900)][{(lo=< sewma=0.845509 rewma=0.000000 rttr=1.106657 slowrewma=0.000000 >, hi=< sewma=163840.000000 rewma=0.855025 rttr=163840.000000 slowrewma=0.757368 >)} gen=0 usage=0.0000 => (win=28 + 0.460000 * win, intersend=1.349900)][{(lo=< sewma=0.845509 rewma=0.000000 rttr=1.106657 slowrewma=0.757368 >, hi=< sewma=163840.000000 rewma=0.855025 rttr=163840.000000 slowrewma=163840.000000 >)} gen=0 usage=0.0000 => (win=37 + 0.740000 * win, intersend=0.749900)][{(lo=< sewma=0.845509 rewma=0.855025 rttr=0.000000 slowrewma=0.000000 >, hi=< sewma=163840.000000 rewma=163840.000000 rttr=1.106657 slowrewma=0.757368 >)} gen=0 usage=0.0170 => (win=22 + 0.880000 * win, intersend=0.899900)][{(lo=< sewma=0.845509 rewma=0.855025 rttr=0.000000 slowrewma=0.757368 >, hi=< sewma=163840.000000 rewma=163840.000000 rttr=1.106657 slowrewma=163840.000000 >)} gen=0 usage=0.0505 => (win=130 + 0.600000 * win, intersend=0.699900)][{(lo=< sewma=0.845509 rewma=0.855025 rttr=1.106657 slowrewma=0.000000 >, hi=< sewma=163840.000000 rewma=163840.000000 rttr=163840.000000 slowrewma=0.757368 >)} gen=0 usage=0.0232 => (win=23 + 0.840000 * win, intersend=2.799900)][{(lo=< sewma=0.845509 rewma=0.855025 rttr=1.106657 slowrewma=0.757368 >, hi=< sewma=1.322797 rewma=1.327152 rttr=1.128640 slowrewma=1.337374 >)} gen=0 usage=0.0000 => (win=28 + 0.780000 * win, intersend=0.799900)][{(lo=< sewma=0.845509 rewma=0.855025 rttr=1.106657 slowrewma=1.337374 >, hi=< sewma=1.322797 rewma=1.327152 rttr=1.128640 slowrewma=163840.000000 >)} gen=0 usage=0.0000 => (win=28 + 0.780000 * win, intersend=0.799900)][{(lo=< sewma=0.845509 rewma=0.855025 rttr=1.128640 slowrewma=0.757368 >, hi=< sewma=1.322797 rewma=1.327152 rttr=163840.000000 slowrewma=1.337374 >)} gen=0 usage=0.0000 => (win=28 + 0.780000 * win, intersend=0.799900)][{(lo=< sewma=0.845509 rewma=0.855025 rttr=1.128640 slowrewma=1.337374 >, hi=< sewma=1.322797 rewma=1.327152 rttr=163840.000000 slowrewma=163840.000000 >)} gen=0 usage=0.0000 => (win=28 + 0.780000 * win, intersend=0.799900)][{(lo=< sewma=0.845509 rewma=1.327152 rttr=1.106657 slowrewma=0.757368 >, hi=< sewma=1.322797 rewma=163840.000000 rttr=1.128640 slowrewma=1.337374 >)} gen=0 usage=0.0000 => (win=28 + 0.780000 * win, intersend=0.799900)][{(lo=< sewma=0.845509 rewma=1.327152 rttr=1.106657 slowrewma=1.337374 >, hi=< sewma=1.322797 rewma=163840.000000 rttr=1.128640 slowrewma=163840.000000 >)} gen=0 usage=0.0005 => (win=28 + 0.780000 * win, intersend=0.799900)][{(lo=< sewma=0.845509 rewma=1.327152 rttr=1.128640 slowrewma=0.757368 >, hi=< sewma=1.322797 rewma=163840.000000 rttr=163840.000000 slowrewma=1.337374 >)} gen=0 usage=0.0000 => (win=28 + 0.780000 * win, intersend=0.799900)][{(lo=< sewma=0.845509 rewma=1.327152 rttr=1.128640 slowrewma=1.337374 >, hi=< sewma=1.322797 rewma=163840.000000 rttr=163840.000000 slowrewma=163840.000000 >)} gen=0 usage=0.0708 => (win=28 + 0.780000 * win, intersend=0.799900)][{(lo=< sewma=1.322797 rewma=0.855025 rttr=1.106657 slowrewma=0.757368 >, hi=< sewma=163840.000000 rewma=1.327152 rttr=1.128640 slowrewma=1.337374 >)} gen=0 usage=0.0000 => (win=28 + 0.780000 * win, intersend=0.799900)][{(lo=< sewma=1.322797 rewma=0.855025 rttr=1.106657 slowrewma=1.337374 >, hi=< sewma=163840.000000 rewma=1.327152 rttr=1.128640 slowrewma=163840.000000 >)} gen=0 usage=0.0000 => (win=28 + 0.780000 * win, intersend=0.799900)][{(lo=< sewma=1.322797 rewma=0.855025 rttr=1.128640 slowrewma=0.757368 >, hi=< sewma=163840.000000 rewma=1.327152 rttr=163840.000000 slowrewma=1.337374 >)} gen=0 usage=0.0000 => (win=28 + 0.780000 * win, intersend=0.799900)][{(lo=< sewma=1.322797 rewma=0.855025 rttr=1.128640 slowrewma=1.337374 >, hi=< sewma=163840.000000 rewma=1.327152 rttr=163840.000000 slowrewma=163840.000000 >)} gen=0 usage=0.0000 => (win=28 + 0.780000 * win, intersend=0.799900)][{(lo=< sewma=1.322797 rewma=1.327152 rttr=1.106657 slowrewma=0.757368 >, hi=< sewma=163840.000000 rewma=163840.000000 rttr=1.128640 slowrewma=1.337374 >)} gen=0 usage=0.0016 => (win=28 + 0.780000 * win, intersend=0.799900)][{(lo=< sewma=1.322797 rewma=1.327152 rttr=1.106657 slowrewma=1.337374 >, hi=< sewma=163840.000000 rewma=163840.000000 rttr=1.128640 slowrewma=163840.000000 >)} gen=0 usage=0.0028 => (win=28 + 0.780000 * win, intersend=0.799900)][{(lo=< sewma=1.322797 rewma=1.327152 rttr=1.128640 slowrewma=0.757368 >, hi=< sewma=163840.000000 rewma=163840.000000 rttr=163840.000000 slowrewma=1.337374 >)} gen=0 usage=0.0311 => (win=28 + 0.780000 * win, intersend=0.799900)][{(lo=< sewma=1.322797 rewma=1.327152 rttr=1.128640 slowrewma=1.337374 >, hi=< sewma=163840.000000 rewma=163840.000000 rttr=163840.000000 slowrewma=163840.000000 >)} gen=0 usage=0.6765 => (win=28 + 0.780000 * win, intersend=0.799900)]
