================================================================================
This was the console output for the command:
    /iris/u/armaana/remy-rl/src/sender-runner if=/iris/u/armaana/remy/10x-2src/cca.42 nsrc=2 link=22.758459260747887 rtt=150.0 on=5000.0 off=5000.0 buf=inf time=1000.0 cf=configs/link-10x.cfg
================================================================================

Setting num_senders to 2
Setting link packets per ms to 22.758459
Setting delay to 150.000000 ms
Setting mean_on_duration to 5000.000000 ms
Setting mean_off_duration to 5000.000000 ms
Prior assumptions:
link_packets_per_ms {
  low: 0.47
  high: 4.74
  incr: 1.07
}
rtt {
  low: 150
  high: 150
  incr: 0
}
num_senders {
  low: 2
  high: 2
  incr: 0
}
buffer_size {
  low: 4294967295
  high: 4294967295
  incr: 0
}
mean_off_duration {
  low: 5000
  high: 5000
  incr: 0
}
mean_on_duration {
  low: 5000
  high: 5000
  incr: 0
}
simulation_ticks: 100000
stochastic_loss_rate {
  low: 0
  high: 0
  incr: 0
}


Remy optimization settings:
window_increment {
  min_value: 0
  max_value: 256
  min_change: 1
  max_change: 32
  multiplier: 4
  default_value: 1
}
window_multiple {
  min_value: 0
  max_value: 1
  min_change: 0.01
  max_change: 0.5
  multiplier: 4
  default_value: 1
}
intersend {
  min_value: 0.25
  max_value: 3
  min_change: 0.05
  max_change: 1
  multiplier: 4
  default_value: 3
}


score = 1.396265
===
config: mean_on=5000.000000, mean_off=5000.000000, nsrc=2.000000, link_ppt=22.758459, delay=150.000000, buffer_size=4294967295.000000, stochastic_loss_rate = 0.000000

sender: [tp=0.171796, del=1.000300]
sender: [tp=0.175300, del=1.000300]
normalized_score = -5.054208
Rules: [{(lo=< sewma=0.000000 rewma=0.000000 rttr=0.000000 slowrewma=0.000000 >, hi=< sewma=0.330413 rewma=0.330656 rttr=1.000000 slowrewma=0.338894 >)} gen=0 usage=0.0004 => (win=18 + 0.890000 * win, intersend=0.400000)][{(lo=< sewma=0.000000 rewma=0.000000 rttr=0.000000 slowrewma=0.338894 >, hi=< sewma=0.330413 rewma=0.330656 rttr=1.000000 slowrewma=0.550026 >)} gen=0 usage=0.0000 => (win=36 + 0.970000 * win, intersend=0.300000)][{(lo=< sewma=0.000000 rewma=0.000000 rttr=1.000000 slowrewma=0.000000 >, hi=< sewma=0.300000 rewma=0.300000 rttr=1.000000 slowrewma=0.310630 >)} gen=0 usage=0.5227 => (win=57 + 0.900000 * win, intersend=0.300000)][{(lo=< sewma=0.000000 rewma=0.000000 rttr=1.000000 slowrewma=0.310630 >, hi=< sewma=0.300000 rewma=0.300000 rttr=1.000000 slowrewma=0.338894 >)} gen=0 usage=0.1251 => (win=57 + 0.900000 * win, intersend=0.300000)][{(lo=< sewma=0.000000 rewma=0.000000 rttr=1.000000 slowrewma=0.000000 >, hi=< sewma=0.300000 rewma=0.300000 rttr=1.000000 slowrewma=0.310630 >)} gen=0 usage=0.0099 => (win=57 + 0.900000 * win, intersend=0.300000)][{(lo=< sewma=0.000000 rewma=0.000000 rttr=1.000000 slowrewma=0.310630 >, hi=< sewma=0.300000 rewma=0.300000 rttr=1.000000 slowrewma=0.338894 >)} gen=0 usage=0.0019 => (win=57 + 0.900000 * win, intersend=0.300000)][{(lo=< sewma=0.000000 rewma=0.300000 rttr=1.000000 slowrewma=0.000000 >, hi=< sewma=0.300000 rewma=0.330656 rttr=1.000000 slowrewma=0.310630 >)} gen=0 usage=0.0000 => (win=57 + 0.900000 * win, intersend=0.300000)][{(lo=< sewma=0.000000 rewma=0.300000 rttr=1.000000 slowrewma=0.310630 >, hi=< sewma=0.300000 rewma=0.330656 rttr=1.000000 slowrewma=0.338894 >)} gen=0 usage=0.0000 => (win=57 + 0.900000 * win, intersend=0.300000)][{(lo=< sewma=0.000000 rewma=0.300000 rttr=1.000000 slowrewma=0.000000 >, hi=< sewma=0.300000 rewma=0.330656 rttr=1.000000 slowrewma=0.310630 >)} gen=0 usage=0.0000 => (win=57 + 0.900000 * win, intersend=0.300000)][{(lo=< sewma=0.000000 rewma=0.300000 rttr=1.000000 slowrewma=0.310630 >, hi=< sewma=0.300000 rewma=0.330656 rttr=1.000000 slowrewma=0.338894 >)} gen=0 usage=0.0000 => (win=57 + 0.900000 * win, intersend=0.300000)][{(lo=< sewma=0.300000 rewma=0.000000 rttr=1.000000 slowrewma=0.000000 >, hi=< sewma=0.330413 rewma=0.300000 rttr=1.000000 slowrewma=0.310630 >)} gen=0 usage=0.0032 => (win=57 + 0.900000 * win, intersend=0.300000)][{(lo=< sewma=0.300000 rewma=0.000000 rttr=1.000000 slowrewma=0.310630 >, hi=< sewma=0.330413 rewma=0.300000 rttr=1.000000 slowrewma=0.338894 >)} gen=0 usage=0.0059 => (win=57 + 0.900000 * win, intersend=0.300000)][{(lo=< sewma=0.300000 rewma=0.000000 rttr=1.000000 slowrewma=0.000000 >, hi=< sewma=0.330413 rewma=0.300000 rttr=1.000000 slowrewma=0.310630 >)} gen=0 usage=0.0000 => (win=57 + 0.900000 * win, intersend=0.300000)][{(lo=< sewma=0.300000 rewma=0.000000 rttr=1.000000 slowrewma=0.310630 >, hi=< sewma=0.330413 rewma=0.300000 rttr=1.000000 slowrewma=0.338894 >)} gen=0 usage=0.0002 => (win=57 + 0.900000 * win, intersend=0.300000)][{(lo=< sewma=0.300000 rewma=0.300000 rttr=1.000000 slowrewma=0.000000 >, hi=< sewma=0.330413 rewma=0.330656 rttr=1.000000 slowrewma=0.310630 >)} gen=0 usage=0.0227 => (win=57 + 0.900000 * win, intersend=0.300000)][{(lo=< sewma=0.300000 rewma=0.300000 rttr=1.000000 slowrewma=0.310630 >, hi=< sewma=0.330413 rewma=0.330656 rttr=1.000000 slowrewma=0.338894 >)} gen=0 usage=0.0518 => (win=57 + 0.900000 * win, intersend=0.300000)][{(lo=< sewma=0.300000 rewma=0.300000 rttr=1.000000 slowrewma=0.000000 >, hi=< sewma=0.330413 rewma=0.330656 rttr=1.000000 slowrewma=0.310630 >)} gen=0 usage=0.0008 => (win=57 + 0.900000 * win, intersend=0.300000)][{(lo=< sewma=0.300000 rewma=0.300000 rttr=1.000000 slowrewma=0.310630 >, hi=< sewma=0.330413 rewma=0.330656 rttr=1.000000 slowrewma=0.338894 >)} gen=0 usage=0.0008 => (win=57 + 0.900000 * win, intersend=0.300000)][{(lo=< sewma=0.000000 rewma=0.000000 rttr=1.000000 slowrewma=0.338894 >, hi=< sewma=0.330413 rewma=0.330656 rttr=1.000000 slowrewma=0.550026 >)} gen=0 usage=0.1397 => (win=52 + 0.980000 * win, intersend=0.300000)][{(lo=< sewma=0.000000 rewma=0.330656 rttr=0.000000 slowrewma=0.000000 >, hi=< sewma=0.330413 rewma=0.556956 rttr=1.000000 slowrewma=0.338894 >)} gen=0 usage=0.0000 => (win=36 + 0.970000 * win, intersend=0.300000)][{(lo=< sewma=0.000000 rewma=0.330656 rttr=0.000000 slowrewma=0.338894 >, hi=< sewma=0.330413 rewma=0.556956 rttr=1.000000 slowrewma=0.550026 >)} gen=0 usage=0.0000 => (win=36 + 0.970000 * win, intersend=0.300000)][{(lo=< sewma=0.000000 rewma=0.330656 rttr=1.000000 slowrewma=0.000000 >, hi=< sewma=0.330413 rewma=0.556956 rttr=1.000000 slowrewma=0.338894 >)} gen=0 usage=0.0000 => (win=36 + 0.970000 * win, intersend=0.300000)][{(lo=< sewma=0.000000 rewma=0.330656 rttr=1.000000 slowrewma=0.338894 >, hi=< sewma=0.330413 rewma=0.556956 rttr=1.000000 slowrewma=0.550026 >)} gen=0 usage=0.0000 => (win=36 + 0.970000 * win, intersend=0.300000)][{(lo=< sewma=0.330413 rewma=0.000000 rttr=0.000000 slowrewma=0.000000 >, hi=< sewma=0.550000 rewma=0.330656 rttr=1.000000 slowrewma=0.338894 >)} gen=0 usage=0.0000 => (win=36 + 0.970000 * win, intersend=0.300000)][{(lo=< sewma=0.330413 rewma=0.000000 rttr=0.000000 slowrewma=0.338894 >, hi=< sewma=0.550000 rewma=0.330656 rttr=1.000000 slowrewma=0.550026 >)} gen=0 usage=0.0000 => (win=36 + 0.970000 * win, intersend=0.300000)][{(lo=< sewma=0.330413 rewma=0.000000 rttr=1.000000 slowrewma=0.000000 >, hi=< sewma=0.550000 rewma=0.330656 rttr=1.000000 slowrewma=0.338894 >)} gen=0 usage=0.0001 => (win=37 + 1.000000 * win, intersend=0.350000)][{(lo=< sewma=0.330413 rewma=0.000000 rttr=1.000000 slowrewma=0.338894 >, hi=< sewma=0.550000 rewma=0.330656 rttr=1.000000 slowrewma=0.550026 >)} gen=0 usage=0.0001 => (win=13 + 0.930000 * win, intersend=0.900000)][{(lo=< sewma=0.330413 rewma=0.330656 rttr=0.000000 slowrewma=0.000000 >, hi=< sewma=0.550000 rewma=0.556956 rttr=1.000000 slowrewma=0.338894 >)} gen=0 usage=0.0000 => (win=36 + 0.970000 * win, intersend=0.300000)][{(lo=< sewma=0.330413 rewma=0.330656 rttr=0.000000 slowrewma=0.338894 >, hi=< sewma=0.550000 rewma=0.556956 rttr=1.000000 slowrewma=0.550026 >)} gen=0 usage=0.0000 => (win=36 + 0.970000 * win, intersend=0.300000)][{(lo=< sewma=0.330413 rewma=0.330656 rttr=1.000000 slowrewma=0.000000 >, hi=< sewma=0.550000 rewma=0.556956 rttr=1.000000 slowrewma=0.338894 >)} gen=0 usage=0.0113 => (win=101 + 0.850000 * win, intersend=0.250000)][{(lo=< sewma=0.330413 rewma=0.330656 rttr=1.000000 slowrewma=0.338894 >, hi=< sewma=0.550000 rewma=0.556956 rttr=1.000000 slowrewma=0.550026 >)} gen=0 usage=0.0394 => (win=50 + 0.870000 * win, intersend=0.300000)][{(lo=< sewma=0.000000 rewma=0.000000 rttr=0.000000 slowrewma=0.550026 >, hi=< sewma=0.550000 rewma=0.556956 rttr=1.000000 slowrewma=0.750645 >)} gen=0 usage=0.0002 => (win=43 + 0.840000 * win, intersend=0.400000)][{(lo=< sewma=0.000000 rewma=0.000000 rttr=1.000000 slowrewma=0.000000 >, hi=< sewma=0.288987 rewma=0.364844 rttr=1.069410 slowrewma=0.370983 >)} gen=0 usage=0.0022 => (win=7 + 0.990000 * win, intersend=0.300000)][{(lo=< sewma=0.000000 rewma=0.000000 rttr=1.000000 slowrewma=0.370983 >, hi=< sewma=0.288987 rewma=0.364844 rttr=1.069410 slowrewma=0.550026 >)} gen=0 usage=0.0007 => (win=27 + 0.940000 * win, intersend=0.350000)][{(lo=< sewma=0.000000 rewma=0.000000 rttr=1.069410 slowrewma=0.000000 >, hi=< sewma=0.288987 rewma=0.364844 rttr=1.225313 slowrewma=0.370983 >)} gen=0 usage=0.0000 => (win=27 + 0.940000 * win, intersend=0.500000)][{(lo=< sewma=0.000000 rewma=0.000000 rttr=1.069410 slowrewma=0.370983 >, hi=< sewma=0.288987 rewma=0.364844 rttr=1.225313 slowrewma=0.550026 >)} gen=0 usage=0.0000 => (win=33 + 0.970000 * win, intersend=0.399900)][{(lo=< sewma=0.000000 rewma=0.364844 rttr=1.000000 slowrewma=0.000000 >, hi=< sewma=0.288987 rewma=0.556956 rttr=1.069410 slowrewma=0.370983 >)} gen=0 usage=0.0000 => (win=46 + 0.800000 * win, intersend=0.500000)][{(lo=< sewma=0.000000 rewma=0.364844 rttr=1.000000 slowrewma=0.370983 >, hi=< sewma=0.288987 rewma=0.556956 rttr=1.069410 slowrewma=0.550026 >)} gen=0 usage=0.0000 => (win=38 + 0.990000 * win, intersend=0.750000)][{(lo=< sewma=0.000000 rewma=0.364844 rttr=1.069410 slowrewma=0.000000 >, hi=< sewma=0.288987 rewma=0.556956 rttr=1.225313 slowrewma=0.370983 >)} gen=0 usage=0.0000 => (win=2 + 0.830000 * win, intersend=0.400000)][{(lo=< sewma=0.000000 rewma=0.364844 rttr=1.069410 slowrewma=0.370983 >, hi=< sewma=0.288987 rewma=0.556956 rttr=1.225313 slowrewma=0.550026 >)} gen=0 usage=0.0000 => (win=45 + 0.900000 * win, intersend=0.450000)][{(lo=< sewma=0.288987 rewma=0.000000 rttr=1.000000 slowrewma=0.000000 >, hi=< sewma=0.550000 rewma=0.364844 rttr=1.069410 slowrewma=0.370983 >)} gen=0 usage=0.0349 => (win=43 + 0.950000 * win, intersend=0.400000)][{(lo=< sewma=0.288987 rewma=0.000000 rttr=1.000000 slowrewma=0.370983 >, hi=< sewma=0.550000 rewma=0.364844 rttr=1.069410 slowrewma=0.550026 >)} gen=0 usage=0.0027 => (win=31 + 0.970000 * win, intersend=0.500000)][{(lo=< sewma=0.288987 rewma=0.000000 rttr=1.069410 slowrewma=0.000000 >, hi=< sewma=0.550000 rewma=0.364844 rttr=1.225313 slowrewma=0.370983 >)} gen=0 usage=0.0000 => (win=27 + 0.920000 * win, intersend=0.500000)][{(lo=< sewma=0.288987 rewma=0.000000 rttr=1.069410 slowrewma=0.370983 >, hi=< sewma=0.550000 rewma=0.364844 rttr=1.225313 slowrewma=0.550026 >)} gen=0 usage=0.0000 => (win=23 + 0.990000 * win, intersend=0.450000)][{(lo=< sewma=0.288987 rewma=0.364844 rttr=1.000000 slowrewma=0.000000 >, hi=< sewma=0.550000 rewma=0.556956 rttr=1.069410 slowrewma=0.370983 >)} gen=0 usage=0.0021 => (win=37 + 0.810000 * win, intersend=1.600000)][{(lo=< sewma=0.288987 rewma=0.364844 rttr=1.000000 slowrewma=0.370983 >, hi=< sewma=0.550000 rewma=0.556956 rttr=1.069410 slowrewma=0.550026 >)} gen=0 usage=0.0015 => (win=11 + 0.980000 * win, intersend=0.350000)][{(lo=< sewma=0.288987 rewma=0.364844 rttr=1.069410 slowrewma=0.000000 >, hi=< sewma=0.550000 rewma=0.556956 rttr=1.225313 slowrewma=0.370983 >)} gen=0 usage=0.0000 => (win=12 + 0.990000 * win, intersend=0.250000)][{(lo=< sewma=0.288987 rewma=0.364844 rttr=1.069410 slowrewma=0.370983 >, hi=< sewma=0.550000 rewma=0.556956 rttr=1.225313 slowrewma=0.550026 >)} gen=0 usage=0.0000 => (win=15 + 0.980000 * win, intersend=0.400000)][{(lo=< sewma=0.000000 rewma=0.000000 rttr=1.000000 slowrewma=0.550026 >, hi=< sewma=0.550000 rewma=0.556956 rttr=1.225313 slowrewma=0.750645 >)} gen=0 usage=0.0000 => (win=117 + 0.660000 * win, intersend=0.300000)][{(lo=< sewma=0.000000 rewma=0.556956 rttr=0.000000 slowrewma=0.000000 >, hi=< sewma=0.550000 rewma=0.760176 rttr=1.000000 slowrewma=0.550026 >)} gen=0 usage=0.0000 => (win=44 + 0.880000 * win, intersend=0.550000)][{(lo=< sewma=0.000000 rewma=0.556956 rttr=0.000000 slowrewma=0.550026 >, hi=< sewma=0.550000 rewma=0.760176 rttr=1.000000 slowrewma=0.750645 >)} gen=0 usage=0.0000 => (win=44 + 0.880000 * win, intersend=0.550000)][{(lo=< sewma=0.000000 rewma=0.556956 rttr=1.000000 slowrewma=0.000000 >, hi=< sewma=0.550000 rewma=0.760176 rttr=1.225313 slowrewma=0.550026 >)} gen=0 usage=0.0000 => (win=74 + 0.720000 * win, intersend=0.650000)][{(lo=< sewma=0.000000 rewma=0.556956 rttr=1.000000 slowrewma=0.550026 >, hi=< sewma=0.550000 rewma=0.760176 rttr=1.225313 slowrewma=0.750645 >)} gen=0 usage=0.0000 => (win=42 + 0.990000 * win, intersend=0.599800)][{(lo=< sewma=0.550000 rewma=0.000000 rttr=0.000000 slowrewma=0.000000 >, hi=< sewma=0.757378 rewma=0.556956 rttr=1.000000 slowrewma=0.550026 >)} gen=0 usage=0.0002 => (win=25 + 0.700000 * win, intersend=2.000000)][{(lo=< sewma=0.550000 rewma=0.000000 rttr=0.000000 slowrewma=0.550026 >, hi=< sewma=0.757378 rewma=0.556956 rttr=1.000000 slowrewma=0.750645 >)} gen=0 usage=0.0000 => (win=37 + 0.579900 * win, intersend=0.450000)][{(lo=< sewma=0.550000 rewma=0.000000 rttr=1.000000 slowrewma=0.000000 >, hi=< sewma=0.757378 rewma=0.556956 rttr=1.225313 slowrewma=0.550026 >)} gen=0 usage=0.0000 => (win=63 + 0.950000 * win, intersend=0.600000)][{(lo=< sewma=0.550000 rewma=0.000000 rttr=1.000000 slowrewma=0.550026 >, hi=< sewma=0.757378 rewma=0.556956 rttr=1.225313 slowrewma=0.750645 >)} gen=0 usage=0.0000 => (win=72 + 0.720000 * win, intersend=0.449900)][{(lo=< sewma=0.550000 rewma=0.556956 rttr=0.000000 slowrewma=0.000000 >, hi=< sewma=0.757378 rewma=0.760176 rttr=1.000000 slowrewma=0.550026 >)} gen=0 usage=0.0059 => (win=50 + 0.709900 * win, intersend=1.900000)][{(lo=< sewma=0.550000 rewma=0.556956 rttr=0.000000 slowrewma=0.550026 >, hi=< sewma=0.757378 rewma=0.760176 rttr=1.000000 slowrewma=0.750645 >)} gen=0 usage=0.0003 => (win=102 + 0.670000 * win, intersend=0.300000)][{(lo=< sewma=0.550000 rewma=0.556956 rttr=1.000000 slowrewma=0.000000 >, hi=< sewma=0.757378 rewma=0.760176 rttr=1.225313 slowrewma=0.550026 >)} gen=0 usage=0.0003 => (win=49 + 0.660000 * win, intersend=2.650000)][{(lo=< sewma=0.550000 rewma=0.556956 rttr=1.000000 slowrewma=0.550026 >, hi=< sewma=0.757378 rewma=0.760176 rttr=1.225313 slowrewma=0.750645 >)} gen=0 usage=0.0000 => (win=53 + 0.830000 * win, intersend=0.599800)][{(lo=< sewma=0.000000 rewma=0.000000 rttr=0.000000 slowrewma=0.750645 >, hi=< sewma=0.757378 rewma=0.760176 rttr=1.225313 slowrewma=163840.000000 >)} gen=0 usage=0.0000 => (win=23 + 0.900000 * win, intersend=0.349900)][{(lo=< sewma=0.000000 rewma=0.000000 rttr=1.225313 slowrewma=0.000000 >, hi=< sewma=0.757378 rewma=0.760176 rttr=163840.000000 slowrewma=0.750645 >)} gen=0 usage=0.0000 => (win=36 + 0.860000 * win, intersend=0.749900)][{(lo=< sewma=0.000000 rewma=0.000000 rttr=1.225313 slowrewma=0.750645 >, hi=< sewma=0.757378 rewma=0.760176 rttr=163840.000000 slowrewma=163840.000000 >)} gen=0 usage=0.0000 => (win=29 + 0.860000 * win, intersend=0.549900)][{(lo=< sewma=0.000000 rewma=0.760176 rttr=0.000000 slowrewma=0.000000 >, hi=< sewma=0.757378 rewma=163840.000000 rttr=1.225313 slowrewma=0.750645 >)} gen=0 usage=0.0000 => (win=23 + 0.660000 * win, intersend=2.050000)][{(lo=< sewma=0.000000 rewma=0.760176 rttr=0.000000 slowrewma=0.750645 >, hi=< sewma=0.757378 rewma=163840.000000 rttr=1.225313 slowrewma=163840.000000 >)} gen=0 usage=0.0000 => (win=64 + 0.770000 * win, intersend=2.000000)][{(lo=< sewma=0.000000 rewma=0.760176 rttr=1.225313 slowrewma=0.000000 >, hi=< sewma=0.757378 rewma=163840.000000 rttr=163840.000000 slowrewma=0.750645 >)} gen=0 usage=0.0000 => (win=130 + 0.960000 * win, intersend=2.449900)][{(lo=< sewma=0.000000 rewma=0.760176 rttr=1.225313 slowrewma=0.750645 >, hi=< sewma=0.757378 rewma=163840.000000 rttr=163840.000000 slowrewma=163840.000000 >)} gen=0 usage=0.0000 => (win=66 + 0.199900 * win, intersend=0.299800)][{(lo=< sewma=0.757378 rewma=0.000000 rttr=0.000000 slowrewma=0.000000 >, hi=< sewma=163840.000000 rewma=0.760176 rttr=1.225313 slowrewma=0.750645 >)} gen=0 usage=0.0001 => (win=15 + 0.550000 * win, intersend=0.399900)][{(lo=< sewma=0.757378 rewma=0.000000 rttr=0.000000 slowrewma=0.750645 >, hi=< sewma=163840.000000 rewma=0.760176 rttr=1.225313 slowrewma=163840.000000 >)} gen=0 usage=0.0000 => (win=79 + 0.770000 * win, intersend=1.850000)][{(lo=< sewma=0.757378 rewma=0.000000 rttr=1.225313 slowrewma=0.000000 >, hi=< sewma=163840.000000 rewma=0.760176 rttr=163840.000000 slowrewma=0.750645 >)} gen=0 usage=0.0000 => (win=29 + 0.830000 * win, intersend=0.399900)][{(lo=< sewma=0.757378 rewma=0.000000 rttr=1.225313 slowrewma=0.750645 >, hi=< sewma=163840.000000 rewma=0.760176 rttr=163840.000000 slowrewma=163840.000000 >)} gen=0 usage=0.0000 => (win=16 + 0.420000 * win, intersend=0.300000)][{(lo=< sewma=0.757378 rewma=0.760176 rttr=0.000000 slowrewma=0.000000 >, hi=< sewma=163840.000000 rewma=163840.000000 rttr=1.225313 slowrewma=0.750645 >)} gen=0 usage=0.0129 => (win=118 + 0.489900 * win, intersend=0.599900)][{(lo=< sewma=0.757378 rewma=0.760176 rttr=0.000000 slowrewma=0.750645 >, hi=< sewma=163840.000000 rewma=163840.000000 rttr=1.225313 slowrewma=163840.000000 >)} gen=0 usage=0.0000 => (win=54 + 0.270000 * win, intersend=0.449900)][{(lo=< sewma=0.757378 rewma=0.760176 rttr=1.225313 slowrewma=0.000000 >, hi=< sewma=163840.000000 rewma=163840.000000 rttr=163840.000000 slowrewma=0.750645 >)} gen=0 usage=0.0000 => (win=20 + 0.630000 * win, intersend=0.399900)][{(lo=< sewma=0.757378 rewma=0.760176 rttr=1.225313 slowrewma=0.750645 >, hi=< sewma=163840.000000 rewma=163840.000000 rttr=163840.000000 slowrewma=163840.000000 >)} gen=0 usage=0.0000 => (win=24 + 0.569900 * win, intersend=0.399900)]
